+ '[' x12 = x ']'
+ '[' x6 = x ']'
+ srun hostname -s
+ sort -u
+ awk '{ print $0 "-ib slots=6"; }' /tmp/hosts.152213
+ mv /tmp/tmp.152213 /tmp/hosts.152213
+ module load gcc/7.4.0/1
++ /usr/share/lmod/lmod/libexec/lmod bash load gcc/7.4.0/1

Due to MODULEPATH changes, the following have been reloaded:
  1) cuda/10.1

+ eval 'CUDA_PATH=/usr/local/cuda-10.1;' export 'CUDA_PATH;' '__LMOD_REF_COUNT_LD_LIBRARY_PATH=/usr/local/cuda-10.1/lib64:1\;/gpfs/u/software/ppc64le-rhel7/gcc/7.4.0/1/lib64:1\;/opt/ibm/spectrum_mpi/profilesupport/lib:1\;/opt/ibm/spectrum_mpi/lib:1\;/opt/mellanox/sharp/lib:1\;/opt/mellanox/hcoll/lib:1;' export '__LMOD_REF_COUNT_LD_LIBRARY_PATH;' 'LD_LIBRARY_PATH=/usr/local/cuda-10.1/lib64:/gpfs/u/software/ppc64le-rhel7/gcc/7.4.0/1/lib64:/opt/ibm/spectrum_mpi/profilesupport/lib:/opt/ibm/spectrum_mpi/lib:/opt/mellanox/sharp/lib:/opt/mellanox/hcoll/lib;' export 'LD_LIBRARY_PATH;' 'LMOD_FAMILY_COMPILER=gcc;' export 'LMOD_FAMILY_COMPILER;' 'LMOD_FAMILY_COMPILER_VERSION=7.4.0/1;' export 'LMOD_FAMILY_COMPILER_VERSION;' '__LMOD_REF_COUNT_LOADEDMODULES=spectrum-mpi/10.3:1\;gcc/7.4.0/1:1\;cuda/10.1:1;' export '__LMOD_REF_COUNT_LOADEDMODULES;' 'LOADEDMODULES=spectrum-mpi/10.3:gcc/7.4.0/1:cuda/10.1;' export 'LOADEDMODULES;' '__LMOD_REF_COUNT_MANPATH=/gpfs/u/software/ppc64le-rhel7/gcc/7.4.0/1/share/man:1\;/opt/ibm/spectrum_mpi/share/man:1;' export '__LMOD_REF_COUNT_MANPATH;' 'MANPATH=/gpfs/u/software/ppc64le-rhel7/gcc/7.4.0/1/share/man:/opt/ibm/spectrum_mpi/share/man;' export 'MANPATH;' '__LMOD_REF_COUNT_MODULEPATH=/gpfs/u/software/ppc64le-rhel7/modulefiles/.gcc/7.4.0/1/.cuda/10.1:1\;/gpfs/u/software/ppc64le-rhel7/modulefiles/.gcc/7.4.0/1:1\;/gpfs/u/software/ppc64le-rhel7/modulefiles/.spectrum-mpi/10.3:1\;/gpfs/u/software/ppc64le-rhel7/modulefiles:1;' export '__LMOD_REF_COUNT_MODULEPATH;' 'MODULEPATH=/gpfs/u/software/ppc64le-rhel7/modulefiles/.gcc/7.4.0/1/.cuda/10.1:/gpfs/u/software/ppc64le-rhel7/modulefiles/.gcc/7.4.0/1:/gpfs/u/software/ppc64le-rhel7/modulefiles/.spectrum-mpi/10.3:/gpfs/u/software/ppc64le-rhel7/modulefiles;' export 'MODULEPATH;' '__LMOD_REF_COUNT_PATH=/usr/local/cuda-10.1/bin:1\;/gpfs/u/software/ppc64le-rhel7/gcc/7.4.0/1/bin:1\;/opt/ibm/spectrum_mpi/bin:1\;/usr/lpp/mmfs/bin:1\;/opt/cci/bin:1\;/usr/local/bin:1\;/usr/bin:1\;/usr/local/sbin:1\;/usr/sbin:1\;/opt/ibutils/bin:1\;/gpfs/u/home/SCMM/SCMMrsdd/.local/bin:1\;/gpfs/u/home/SCMM/SCMMrsdd/bin:1;' export '__LMOD_REF_COUNT_PATH;' 'PATH=/usr/local/cuda-10.1/bin:/gpfs/u/software/ppc64le-rhel7/gcc/7.4.0/1/bin:/opt/ibm/spectrum_mpi/bin:/usr/lpp/mmfs/bin:/opt/cci/bin:/usr/local/bin:/usr/bin:/usr/local/sbin:/usr/sbin:/opt/ibutils/bin:/gpfs/u/home/SCMM/SCMMrsdd/.local/bin:/gpfs/u/home/SCMM/SCMMrsdd/bin;' export 'PATH;' '__LMOD_REF_COUNT__LMFILES_=/gpfs/u/software/ppc64le-rhel7/modulefiles/spectrum-mpi/10.3.lua:1\;/gpfs/u/software/ppc64le-rhel7/modulefiles/gcc/7.4.0/1.lua:1\;/gpfs/u/software/ppc64le-rhel7/modulefiles/.gcc/7.4.0/1/cuda/10.1.lua:1;' export '__LMOD_REF_COUNT__LMFILES_;' '_LMFILES_=/gpfs/u/software/ppc64le-rhel7/modulefiles/spectrum-mpi/10.3.lua:/gpfs/u/software/ppc64le-rhel7/modulefiles/gcc/7.4.0/1.lua:/gpfs/u/software/ppc64le-rhel7/modulefiles/.gcc/7.4.0/1/cuda/10.1.lua;' export '_LMFILES_;' '_ModuleTable001_=X01vZHVsZVRhYmxlXz17WyJNVHZlcnNpb24iXT0zLFsiY19yZWJ1aWxkVGltZSJdPWZhbHNlLFsiY19zaG9ydFRpbWUiXT1mYWxzZSxkZXB0aFQ9e30sZmFtaWx5PXtbImNvbXBpbGVyIl09ImdjYyIsWyJtcGkiXT0ic3BlY3RydW0tbXBpIix9LG1UPXtjdWRhPXtbImZuIl09Ii9ncGZzL3Uvc29mdHdhcmUvcHBjNjRsZS1yaGVsNy9tb2R1bGVmaWxlcy8uZ2NjLzcuNC4wLzEvY3VkYS8xMC4xLmx1YSIsWyJmdWxsTmFtZSJdPSJjdWRhLzEwLjEiLFsibG9hZE9yZGVyIl09Myxwcm9wVD17c3RhdGU9e1sic3RhYmxlIl09MSx9LH0sWyJzdGFja0RlcHRoIl09MCxbInN0YXR1cyJdPSJhY3RpdmUiLFsidXNlck5hbWUiXT0iY3VkYSIsfSxnY2M9e1siZm4iXT0iL2dwZnMvdS9zb2Z0;' export '_ModuleTable001_;' '_ModuleTable002_=d2FyZS9wcGM2NGxlLXJoZWw3L21vZHVsZWZpbGVzL2djYy83LjQuMC8xLmx1YSIsWyJmdWxsTmFtZSJdPSJnY2MvNy40LjAvMSIsWyJsb2FkT3JkZXIiXT0yLHByb3BUPXt9LFsic3RhY2tEZXB0aCJdPTAsWyJzdGF0dXMiXT0iYWN0aXZlIixbInVzZXJOYW1lIl09ImdjYy83LjQuMC8xIix9LFsic3BlY3RydW0tbXBpIl09e1siZm4iXT0iL2dwZnMvdS9zb2Z0d2FyZS9wcGM2NGxlLXJoZWw3L21vZHVsZWZpbGVzL3NwZWN0cnVtLW1waS8xMC4zLmx1YSIsWyJmdWxsTmFtZSJdPSJzcGVjdHJ1bS1tcGkvMTAuMyIsWyJsb2FkT3JkZXIiXT0xLHByb3BUPXtzdGF0ZT17WyJ0ZXN0aW5nIl09MSx9LH0sWyJzdGFja0RlcHRoIl09MCxbInN0YXR1cyJdPSJhY3RpdmUiLFsidXNlck5h;' export '_ModuleTable002_;' '_ModuleTable003_=bWUiXT0ic3BlY3RydW0tbXBpIix9LH0sbXBhdGhBPXsiL2dwZnMvdS9zb2Z0d2FyZS9wcGM2NGxlLXJoZWw3L21vZHVsZWZpbGVzLy5nY2MvNy40LjAvMS8uY3VkYS8xMC4xIiwiL2dwZnMvdS9zb2Z0d2FyZS9wcGM2NGxlLXJoZWw3L21vZHVsZWZpbGVzLy5nY2MvNy40LjAvMSIsIi9ncGZzL3Uvc29mdHdhcmUvcHBjNjRsZS1yaGVsNy9tb2R1bGVmaWxlcy8uc3BlY3RydW0tbXBpLzEwLjMiLCIvZ3Bmcy91L3NvZnR3YXJlL3BwYzY0bGUtcmhlbDcvbW9kdWxlZmlsZXMiLH0sWyJzeXN0ZW1CYXNlTVBBVEgiXT0iL2dwZnMvdS9zb2Z0d2FyZS9wcGM2NGxlLXJoZWw3L21vZHVsZWZpbGVzIix9;' export '_ModuleTable003_;' '_ModuleTable_Sz_=3;' export '_ModuleTable_Sz_;'
++ CUDA_PATH=/usr/local/cuda-10.1
++ export CUDA_PATH
++ __LMOD_REF_COUNT_LD_LIBRARY_PATH='/usr/local/cuda-10.1/lib64:1;/gpfs/u/software/ppc64le-rhel7/gcc/7.4.0/1/lib64:1;/opt/ibm/spectrum_mpi/profilesupport/lib:1;/opt/ibm/spectrum_mpi/lib:1;/opt/mellanox/sharp/lib:1;/opt/mellanox/hcoll/lib:1'
++ export __LMOD_REF_COUNT_LD_LIBRARY_PATH
++ LD_LIBRARY_PATH=/usr/local/cuda-10.1/lib64:/gpfs/u/software/ppc64le-rhel7/gcc/7.4.0/1/lib64:/opt/ibm/spectrum_mpi/profilesupport/lib:/opt/ibm/spectrum_mpi/lib:/opt/mellanox/sharp/lib:/opt/mellanox/hcoll/lib
++ export LD_LIBRARY_PATH
++ LMOD_FAMILY_COMPILER=gcc
++ export LMOD_FAMILY_COMPILER
++ LMOD_FAMILY_COMPILER_VERSION=7.4.0/1
++ export LMOD_FAMILY_COMPILER_VERSION
++ __LMOD_REF_COUNT_LOADEDMODULES='spectrum-mpi/10.3:1;gcc/7.4.0/1:1;cuda/10.1:1'
++ export __LMOD_REF_COUNT_LOADEDMODULES
++ LOADEDMODULES=spectrum-mpi/10.3:gcc/7.4.0/1:cuda/10.1
++ export LOADEDMODULES
++ __LMOD_REF_COUNT_MANPATH='/gpfs/u/software/ppc64le-rhel7/gcc/7.4.0/1/share/man:1;/opt/ibm/spectrum_mpi/share/man:1'
++ export __LMOD_REF_COUNT_MANPATH
++ MANPATH=/gpfs/u/software/ppc64le-rhel7/gcc/7.4.0/1/share/man:/opt/ibm/spectrum_mpi/share/man
++ export MANPATH
++ __LMOD_REF_COUNT_MODULEPATH='/gpfs/u/software/ppc64le-rhel7/modulefiles/.gcc/7.4.0/1/.cuda/10.1:1;/gpfs/u/software/ppc64le-rhel7/modulefiles/.gcc/7.4.0/1:1;/gpfs/u/software/ppc64le-rhel7/modulefiles/.spectrum-mpi/10.3:1;/gpfs/u/software/ppc64le-rhel7/modulefiles:1'
++ export __LMOD_REF_COUNT_MODULEPATH
++ MODULEPATH=/gpfs/u/software/ppc64le-rhel7/modulefiles/.gcc/7.4.0/1/.cuda/10.1:/gpfs/u/software/ppc64le-rhel7/modulefiles/.gcc/7.4.0/1:/gpfs/u/software/ppc64le-rhel7/modulefiles/.spectrum-mpi/10.3:/gpfs/u/software/ppc64le-rhel7/modulefiles
++ export MODULEPATH
++ __LMOD_REF_COUNT_PATH='/usr/local/cuda-10.1/bin:1;/gpfs/u/software/ppc64le-rhel7/gcc/7.4.0/1/bin:1;/opt/ibm/spectrum_mpi/bin:1;/usr/lpp/mmfs/bin:1;/opt/cci/bin:1;/usr/local/bin:1;/usr/bin:1;/usr/local/sbin:1;/usr/sbin:1;/opt/ibutils/bin:1;/gpfs/u/home/SCMM/SCMMrsdd/.local/bin:1;/gpfs/u/home/SCMM/SCMMrsdd/bin:1'
++ export __LMOD_REF_COUNT_PATH
++ PATH=/usr/local/cuda-10.1/bin:/gpfs/u/software/ppc64le-rhel7/gcc/7.4.0/1/bin:/opt/ibm/spectrum_mpi/bin:/usr/lpp/mmfs/bin:/opt/cci/bin:/usr/local/bin:/usr/bin:/usr/local/sbin:/usr/sbin:/opt/ibutils/bin:/gpfs/u/home/SCMM/SCMMrsdd/.local/bin:/gpfs/u/home/SCMM/SCMMrsdd/bin
++ export PATH
++ __LMOD_REF_COUNT__LMFILES_='/gpfs/u/software/ppc64le-rhel7/modulefiles/spectrum-mpi/10.3.lua:1;/gpfs/u/software/ppc64le-rhel7/modulefiles/gcc/7.4.0/1.lua:1;/gpfs/u/software/ppc64le-rhel7/modulefiles/.gcc/7.4.0/1/cuda/10.1.lua:1'
++ export __LMOD_REF_COUNT__LMFILES_
++ _LMFILES_=/gpfs/u/software/ppc64le-rhel7/modulefiles/spectrum-mpi/10.3.lua:/gpfs/u/software/ppc64le-rhel7/modulefiles/gcc/7.4.0/1.lua:/gpfs/u/software/ppc64le-rhel7/modulefiles/.gcc/7.4.0/1/cuda/10.1.lua
++ export _LMFILES_
++ _ModuleTable001_=X01vZHVsZVRhYmxlXz17WyJNVHZlcnNpb24iXT0zLFsiY19yZWJ1aWxkVGltZSJdPWZhbHNlLFsiY19zaG9ydFRpbWUiXT1mYWxzZSxkZXB0aFQ9e30sZmFtaWx5PXtbImNvbXBpbGVyIl09ImdjYyIsWyJtcGkiXT0ic3BlY3RydW0tbXBpIix9LG1UPXtjdWRhPXtbImZuIl09Ii9ncGZzL3Uvc29mdHdhcmUvcHBjNjRsZS1yaGVsNy9tb2R1bGVmaWxlcy8uZ2NjLzcuNC4wLzEvY3VkYS8xMC4xLmx1YSIsWyJmdWxsTmFtZSJdPSJjdWRhLzEwLjEiLFsibG9hZE9yZGVyIl09Myxwcm9wVD17c3RhdGU9e1sic3RhYmxlIl09MSx9LH0sWyJzdGFja0RlcHRoIl09MCxbInN0YXR1cyJdPSJhY3RpdmUiLFsidXNlck5hbWUiXT0iY3VkYSIsfSxnY2M9e1siZm4iXT0iL2dwZnMvdS9zb2Z0
++ export _ModuleTable001_
++ _ModuleTable002_=d2FyZS9wcGM2NGxlLXJoZWw3L21vZHVsZWZpbGVzL2djYy83LjQuMC8xLmx1YSIsWyJmdWxsTmFtZSJdPSJnY2MvNy40LjAvMSIsWyJsb2FkT3JkZXIiXT0yLHByb3BUPXt9LFsic3RhY2tEZXB0aCJdPTAsWyJzdGF0dXMiXT0iYWN0aXZlIixbInVzZXJOYW1lIl09ImdjYy83LjQuMC8xIix9LFsic3BlY3RydW0tbXBpIl09e1siZm4iXT0iL2dwZnMvdS9zb2Z0d2FyZS9wcGM2NGxlLXJoZWw3L21vZHVsZWZpbGVzL3NwZWN0cnVtLW1waS8xMC4zLmx1YSIsWyJmdWxsTmFtZSJdPSJzcGVjdHJ1bS1tcGkvMTAuMyIsWyJsb2FkT3JkZXIiXT0xLHByb3BUPXtzdGF0ZT17WyJ0ZXN0aW5nIl09MSx9LH0sWyJzdGFja0RlcHRoIl09MCxbInN0YXR1cyJdPSJhY3RpdmUiLFsidXNlck5h
++ export _ModuleTable002_
++ _ModuleTable003_=bWUiXT0ic3BlY3RydW0tbXBpIix9LH0sbXBhdGhBPXsiL2dwZnMvdS9zb2Z0d2FyZS9wcGM2NGxlLXJoZWw3L21vZHVsZWZpbGVzLy5nY2MvNy40LjAvMS8uY3VkYS8xMC4xIiwiL2dwZnMvdS9zb2Z0d2FyZS9wcGM2NGxlLXJoZWw3L21vZHVsZWZpbGVzLy5nY2MvNy40LjAvMSIsIi9ncGZzL3Uvc29mdHdhcmUvcHBjNjRsZS1yaGVsNy9tb2R1bGVmaWxlcy8uc3BlY3RydW0tbXBpLzEwLjMiLCIvZ3Bmcy91L3NvZnR3YXJlL3BwYzY0bGUtcmhlbDcvbW9kdWxlZmlsZXMiLH0sWyJzeXN0ZW1CYXNlTVBBVEgiXT0iL2dwZnMvdS9zb2Z0d2FyZS9wcGM2NGxlLXJoZWw3L21vZHVsZWZpbGVzIix9
++ export _ModuleTable003_
++ _ModuleTable_Sz_=3
++ export _ModuleTable_Sz_
++ : -s sh
+ eval
+ module load spectrum-mpi
++ /usr/share/lmod/lmod/libexec/lmod bash load spectrum-mpi

Due to MODULEPATH changes, the following have been reloaded:
  1) cuda/10.1

+ eval 'CUDA_PATH=/usr/local/cuda-10.1;' export 'CUDA_PATH;' '__LMOD_REF_COUNT_LD_LIBRARY_PATH=/usr/local/cuda-10.1/lib64:1\;/opt/ibm/spectrum_mpi/profilesupport/lib:1\;/opt/ibm/spectrum_mpi/lib:1\;/gpfs/u/software/ppc64le-rhel7/gcc/7.4.0/1/lib64:1\;/opt/mellanox/sharp/lib:1\;/opt/mellanox/hcoll/lib:1;' export '__LMOD_REF_COUNT_LD_LIBRARY_PATH;' 'LD_LIBRARY_PATH=/usr/local/cuda-10.1/lib64:/opt/ibm/spectrum_mpi/profilesupport/lib:/opt/ibm/spectrum_mpi/lib:/gpfs/u/software/ppc64le-rhel7/gcc/7.4.0/1/lib64:/opt/mellanox/sharp/lib:/opt/mellanox/hcoll/lib;' export 'LD_LIBRARY_PATH;' 'LMOD_FAMILY_MPI=spectrum-mpi;' export 'LMOD_FAMILY_MPI;' 'LMOD_FAMILY_MPI_VERSION=10.3;' export 'LMOD_FAMILY_MPI_VERSION;' '__LMOD_REF_COUNT_LOADEDMODULES=gcc/7.4.0/1:1\;spectrum-mpi/10.3:1\;cuda/10.1:1;' export '__LMOD_REF_COUNT_LOADEDMODULES;' 'LOADEDMODULES=gcc/7.4.0/1:spectrum-mpi/10.3:cuda/10.1;' export 'LOADEDMODULES;' '__LMOD_REF_COUNT_MANPATH=/opt/ibm/spectrum_mpi/share/man:1\;/gpfs/u/software/ppc64le-rhel7/gcc/7.4.0/1/share/man:1;' export '__LMOD_REF_COUNT_MANPATH;' 'MANPATH=/opt/ibm/spectrum_mpi/share/man:/gpfs/u/software/ppc64le-rhel7/gcc/7.4.0/1/share/man;' export 'MANPATH;' '__LMOD_REF_COUNT_MODULEPATH=/gpfs/u/software/ppc64le-rhel7/modulefiles/ppc64le-rhel7/modulefiles/.spectrum-mpi/10.3/.cuda/10.1:1\;/gpfs/u/software/ppc64le-rhel7/modulefiles/.spectrum-mpi/10.3:1\;/gpfs/u/software/ppc64le-rhel7/modulefiles/.gcc/7.4.0/1:1\;/gpfs/u/software/ppc64le-rhel7/modulefiles:1;' export '__LMOD_REF_COUNT_MODULEPATH;' 'MODULEPATH=/gpfs/u/software/ppc64le-rhel7/modulefiles/ppc64le-rhel7/modulefiles/.spectrum-mpi/10.3/.cuda/10.1:/gpfs/u/software/ppc64le-rhel7/modulefiles/.spectrum-mpi/10.3:/gpfs/u/software/ppc64le-rhel7/modulefiles/.gcc/7.4.0/1:/gpfs/u/software/ppc64le-rhel7/modulefiles;' export 'MODULEPATH;' 'MPI_ROOT=/opt/ibm/spectrum_mpi;' export 'MPI_ROOT;' 'OPAL_LIBDIR=/opt/ibm/spectrum_mpi/lib;' export 'OPAL_LIBDIR;' '__LMOD_REF_COUNT_PATH=/usr/local/cuda-10.1/bin:1\;/opt/ibm/spectrum_mpi/bin:1\;/gpfs/u/software/ppc64le-rhel7/gcc/7.4.0/1/bin:1\;/usr/lpp/mmfs/bin:1\;/opt/cci/bin:1\;/usr/local/bin:1\;/usr/bin:1\;/usr/local/sbin:1\;/usr/sbin:1\;/opt/ibutils/bin:1\;/gpfs/u/home/SCMM/SCMMrsdd/.local/bin:1\;/gpfs/u/home/SCMM/SCMMrsdd/bin:1;' export '__LMOD_REF_COUNT_PATH;' 'PATH=/usr/local/cuda-10.1/bin:/opt/ibm/spectrum_mpi/bin:/gpfs/u/software/ppc64le-rhel7/gcc/7.4.0/1/bin:/usr/lpp/mmfs/bin:/opt/cci/bin:/usr/local/bin:/usr/bin:/usr/local/sbin:/usr/sbin:/opt/ibutils/bin:/gpfs/u/home/SCMM/SCMMrsdd/.local/bin:/gpfs/u/home/SCMM/SCMMrsdd/bin;' export 'PATH;' '__LMOD_REF_COUNT__LMFILES_=/gpfs/u/software/ppc64le-rhel7/modulefiles/gcc/7.4.0/1.lua:1\;/gpfs/u/software/ppc64le-rhel7/modulefiles/spectrum-mpi/10.3.lua:1\;/gpfs/u/software/ppc64le-rhel7/modulefiles/.spectrum-mpi/10.3/cuda/10.1.lua:1;' export '__LMOD_REF_COUNT__LMFILES_;' '_LMFILES_=/gpfs/u/software/ppc64le-rhel7/modulefiles/gcc/7.4.0/1.lua:/gpfs/u/software/ppc64le-rhel7/modulefiles/spectrum-mpi/10.3.lua:/gpfs/u/software/ppc64le-rhel7/modulefiles/.spectrum-mpi/10.3/cuda/10.1.lua;' export '_LMFILES_;' '_ModuleTable001_=X01vZHVsZVRhYmxlXz17WyJNVHZlcnNpb24iXT0zLFsiY19yZWJ1aWxkVGltZSJdPWZhbHNlLFsiY19zaG9ydFRpbWUiXT1mYWxzZSxkZXB0aFQ9e30sZmFtaWx5PXtbImNvbXBpbGVyIl09ImdjYyIsWyJtcGkiXT0ic3BlY3RydW0tbXBpIix9LG1UPXtjdWRhPXtbImZuIl09Ii9ncGZzL3Uvc29mdHdhcmUvcHBjNjRsZS1yaGVsNy9tb2R1bGVmaWxlcy8uc3BlY3RydW0tbXBpLzEwLjMvY3VkYS8xMC4xLmx1YSIsWyJmdWxsTmFtZSJdPSJjdWRhLzEwLjEiLFsibG9hZE9yZGVyIl09Myxwcm9wVD17c3RhdGU9e1sic3RhYmxlIl09MSx9LH0sWyJzdGFja0RlcHRoIl09MCxbInN0YXR1cyJdPSJhY3RpdmUiLFsidXNlck5hbWUiXT0iY3VkYSIsfSxnY2M9e1siZm4iXT0iL2dwZnMv;' export '_ModuleTable001_;' '_ModuleTable002_=dS9zb2Z0d2FyZS9wcGM2NGxlLXJoZWw3L21vZHVsZWZpbGVzL2djYy83LjQuMC8xLmx1YSIsWyJmdWxsTmFtZSJdPSJnY2MvNy40LjAvMSIsWyJsb2FkT3JkZXIiXT0xLHByb3BUPXt9LFsic3RhY2tEZXB0aCJdPTAsWyJzdGF0dXMiXT0iYWN0aXZlIixbInVzZXJOYW1lIl09ImdjYy83LjQuMC8xIix9LFsic3BlY3RydW0tbXBpIl09e1siZm4iXT0iL2dwZnMvdS9zb2Z0d2FyZS9wcGM2NGxlLXJoZWw3L21vZHVsZWZpbGVzL3NwZWN0cnVtLW1waS8xMC4zLmx1YSIsWyJmdWxsTmFtZSJdPSJzcGVjdHJ1bS1tcGkvMTAuMyIsWyJsb2FkT3JkZXIiXT0yLHByb3BUPXtzdGF0ZT17WyJ0ZXN0aW5nIl09MSx9LH0sWyJzdGFja0RlcHRoIl09MCxbInN0YXR1cyJdPSJhY3RpdmUiLFsi;' export '_ModuleTable002_;' '_ModuleTable003_=dXNlck5hbWUiXT0ic3BlY3RydW0tbXBpIix9LH0sbXBhdGhBPXsiL2dwZnMvdS9zb2Z0d2FyZS9wcGM2NGxlLXJoZWw3L21vZHVsZWZpbGVzL3BwYzY0bGUtcmhlbDcvbW9kdWxlZmlsZXMvLnNwZWN0cnVtLW1waS8xMC4zLy5jdWRhLzEwLjEiLCIvZ3Bmcy91L3NvZnR3YXJlL3BwYzY0bGUtcmhlbDcvbW9kdWxlZmlsZXMvLnNwZWN0cnVtLW1waS8xMC4zIiwiL2dwZnMvdS9zb2Z0d2FyZS9wcGM2NGxlLXJoZWw3L21vZHVsZWZpbGVzLy5nY2MvNy40LjAvMSIsIi9ncGZzL3Uvc29mdHdhcmUvcHBjNjRsZS1yaGVsNy9tb2R1bGVmaWxlcyIsfSxbInN5c3RlbUJhc2VNUEFUSCJdPSIvZ3Bmcy91L3NvZnR3YXJlL3BwYzY0bGUtcmhlbDcvbW9kdWxlZmlsZXMiLH0=;' export '_ModuleTable003_;' '_ModuleTable_Sz_=3;' export '_ModuleTable_Sz_;'
++ CUDA_PATH=/usr/local/cuda-10.1
++ export CUDA_PATH
++ __LMOD_REF_COUNT_LD_LIBRARY_PATH='/usr/local/cuda-10.1/lib64:1;/opt/ibm/spectrum_mpi/profilesupport/lib:1;/opt/ibm/spectrum_mpi/lib:1;/gpfs/u/software/ppc64le-rhel7/gcc/7.4.0/1/lib64:1;/opt/mellanox/sharp/lib:1;/opt/mellanox/hcoll/lib:1'
++ export __LMOD_REF_COUNT_LD_LIBRARY_PATH
++ LD_LIBRARY_PATH=/usr/local/cuda-10.1/lib64:/opt/ibm/spectrum_mpi/profilesupport/lib:/opt/ibm/spectrum_mpi/lib:/gpfs/u/software/ppc64le-rhel7/gcc/7.4.0/1/lib64:/opt/mellanox/sharp/lib:/opt/mellanox/hcoll/lib
++ export LD_LIBRARY_PATH
++ LMOD_FAMILY_MPI=spectrum-mpi
++ export LMOD_FAMILY_MPI
++ LMOD_FAMILY_MPI_VERSION=10.3
++ export LMOD_FAMILY_MPI_VERSION
++ __LMOD_REF_COUNT_LOADEDMODULES='gcc/7.4.0/1:1;spectrum-mpi/10.3:1;cuda/10.1:1'
++ export __LMOD_REF_COUNT_LOADEDMODULES
++ LOADEDMODULES=gcc/7.4.0/1:spectrum-mpi/10.3:cuda/10.1
++ export LOADEDMODULES
++ __LMOD_REF_COUNT_MANPATH='/opt/ibm/spectrum_mpi/share/man:1;/gpfs/u/software/ppc64le-rhel7/gcc/7.4.0/1/share/man:1'
++ export __LMOD_REF_COUNT_MANPATH
++ MANPATH=/opt/ibm/spectrum_mpi/share/man:/gpfs/u/software/ppc64le-rhel7/gcc/7.4.0/1/share/man
++ export MANPATH
++ __LMOD_REF_COUNT_MODULEPATH='/gpfs/u/software/ppc64le-rhel7/modulefiles/ppc64le-rhel7/modulefiles/.spectrum-mpi/10.3/.cuda/10.1:1;/gpfs/u/software/ppc64le-rhel7/modulefiles/.spectrum-mpi/10.3:1;/gpfs/u/software/ppc64le-rhel7/modulefiles/.gcc/7.4.0/1:1;/gpfs/u/software/ppc64le-rhel7/modulefiles:1'
++ export __LMOD_REF_COUNT_MODULEPATH
++ MODULEPATH=/gpfs/u/software/ppc64le-rhel7/modulefiles/ppc64le-rhel7/modulefiles/.spectrum-mpi/10.3/.cuda/10.1:/gpfs/u/software/ppc64le-rhel7/modulefiles/.spectrum-mpi/10.3:/gpfs/u/software/ppc64le-rhel7/modulefiles/.gcc/7.4.0/1:/gpfs/u/software/ppc64le-rhel7/modulefiles
++ export MODULEPATH
++ MPI_ROOT=/opt/ibm/spectrum_mpi
++ export MPI_ROOT
++ OPAL_LIBDIR=/opt/ibm/spectrum_mpi/lib
++ export OPAL_LIBDIR
++ __LMOD_REF_COUNT_PATH='/usr/local/cuda-10.1/bin:1;/opt/ibm/spectrum_mpi/bin:1;/gpfs/u/software/ppc64le-rhel7/gcc/7.4.0/1/bin:1;/usr/lpp/mmfs/bin:1;/opt/cci/bin:1;/usr/local/bin:1;/usr/bin:1;/usr/local/sbin:1;/usr/sbin:1;/opt/ibutils/bin:1;/gpfs/u/home/SCMM/SCMMrsdd/.local/bin:1;/gpfs/u/home/SCMM/SCMMrsdd/bin:1'
++ export __LMOD_REF_COUNT_PATH
++ PATH=/usr/local/cuda-10.1/bin:/opt/ibm/spectrum_mpi/bin:/gpfs/u/software/ppc64le-rhel7/gcc/7.4.0/1/bin:/usr/lpp/mmfs/bin:/opt/cci/bin:/usr/local/bin:/usr/bin:/usr/local/sbin:/usr/sbin:/opt/ibutils/bin:/gpfs/u/home/SCMM/SCMMrsdd/.local/bin:/gpfs/u/home/SCMM/SCMMrsdd/bin
++ export PATH
++ __LMOD_REF_COUNT__LMFILES_='/gpfs/u/software/ppc64le-rhel7/modulefiles/gcc/7.4.0/1.lua:1;/gpfs/u/software/ppc64le-rhel7/modulefiles/spectrum-mpi/10.3.lua:1;/gpfs/u/software/ppc64le-rhel7/modulefiles/.spectrum-mpi/10.3/cuda/10.1.lua:1'
++ export __LMOD_REF_COUNT__LMFILES_
++ _LMFILES_=/gpfs/u/software/ppc64le-rhel7/modulefiles/gcc/7.4.0/1.lua:/gpfs/u/software/ppc64le-rhel7/modulefiles/spectrum-mpi/10.3.lua:/gpfs/u/software/ppc64le-rhel7/modulefiles/.spectrum-mpi/10.3/cuda/10.1.lua
++ export _LMFILES_
++ _ModuleTable001_=X01vZHVsZVRhYmxlXz17WyJNVHZlcnNpb24iXT0zLFsiY19yZWJ1aWxkVGltZSJdPWZhbHNlLFsiY19zaG9ydFRpbWUiXT1mYWxzZSxkZXB0aFQ9e30sZmFtaWx5PXtbImNvbXBpbGVyIl09ImdjYyIsWyJtcGkiXT0ic3BlY3RydW0tbXBpIix9LG1UPXtjdWRhPXtbImZuIl09Ii9ncGZzL3Uvc29mdHdhcmUvcHBjNjRsZS1yaGVsNy9tb2R1bGVmaWxlcy8uc3BlY3RydW0tbXBpLzEwLjMvY3VkYS8xMC4xLmx1YSIsWyJmdWxsTmFtZSJdPSJjdWRhLzEwLjEiLFsibG9hZE9yZGVyIl09Myxwcm9wVD17c3RhdGU9e1sic3RhYmxlIl09MSx9LH0sWyJzdGFja0RlcHRoIl09MCxbInN0YXR1cyJdPSJhY3RpdmUiLFsidXNlck5hbWUiXT0iY3VkYSIsfSxnY2M9e1siZm4iXT0iL2dwZnMv
++ export _ModuleTable001_
++ _ModuleTable002_=dS9zb2Z0d2FyZS9wcGM2NGxlLXJoZWw3L21vZHVsZWZpbGVzL2djYy83LjQuMC8xLmx1YSIsWyJmdWxsTmFtZSJdPSJnY2MvNy40LjAvMSIsWyJsb2FkT3JkZXIiXT0xLHByb3BUPXt9LFsic3RhY2tEZXB0aCJdPTAsWyJzdGF0dXMiXT0iYWN0aXZlIixbInVzZXJOYW1lIl09ImdjYy83LjQuMC8xIix9LFsic3BlY3RydW0tbXBpIl09e1siZm4iXT0iL2dwZnMvdS9zb2Z0d2FyZS9wcGM2NGxlLXJoZWw3L21vZHVsZWZpbGVzL3NwZWN0cnVtLW1waS8xMC4zLmx1YSIsWyJmdWxsTmFtZSJdPSJzcGVjdHJ1bS1tcGkvMTAuMyIsWyJsb2FkT3JkZXIiXT0yLHByb3BUPXtzdGF0ZT17WyJ0ZXN0aW5nIl09MSx9LH0sWyJzdGFja0RlcHRoIl09MCxbInN0YXR1cyJdPSJhY3RpdmUiLFsi
++ export _ModuleTable002_
++ _ModuleTable003_=dXNlck5hbWUiXT0ic3BlY3RydW0tbXBpIix9LH0sbXBhdGhBPXsiL2dwZnMvdS9zb2Z0d2FyZS9wcGM2NGxlLXJoZWw3L21vZHVsZWZpbGVzL3BwYzY0bGUtcmhlbDcvbW9kdWxlZmlsZXMvLnNwZWN0cnVtLW1waS8xMC4zLy5jdWRhLzEwLjEiLCIvZ3Bmcy91L3NvZnR3YXJlL3BwYzY0bGUtcmhlbDcvbW9kdWxlZmlsZXMvLnNwZWN0cnVtLW1waS8xMC4zIiwiL2dwZnMvdS9zb2Z0d2FyZS9wcGM2NGxlLXJoZWw3L21vZHVsZWZpbGVzLy5nY2MvNy40LjAvMSIsIi9ncGZzL3Uvc29mdHdhcmUvcHBjNjRsZS1yaGVsNy9tb2R1bGVmaWxlcyIsfSxbInN5c3RlbUJhc2VNUEFUSCJdPSIvZ3Bmcy91L3NvZnR3YXJlL3BwYzY0bGUtcmhlbDcvbW9kdWxlZmlsZXMiLH0=
++ export _ModuleTable003_
++ _ModuleTable_Sz_=3
++ export _ModuleTable_Sz_
++ : -s sh
+ eval
+ module load cuda
++ /usr/share/lmod/lmod/libexec/lmod bash load cuda
+ eval 'CUDA_PATH=/usr/local/cuda-10.1;' export 'CUDA_PATH;' 'LD_LIBRARY_PATH=/usr/local/cuda-10.1/lib64:/opt/ibm/spectrum_mpi/profilesupport/lib:/opt/ibm/spectrum_mpi/lib:/gpfs/u/software/ppc64le-rhel7/gcc/7.4.0/1/lib64:/opt/mellanox/sharp/lib:/opt/mellanox/hcoll/lib;' export 'LD_LIBRARY_PATH;' 'LOADEDMODULES=gcc/7.4.0/1:spectrum-mpi/10.3:cuda/10.1;' export 'LOADEDMODULES;' 'MODULEPATH=/gpfs/u/software/ppc64le-rhel7/modulefiles/ppc64le-rhel7/modulefiles/.spectrum-mpi/10.3/.cuda/10.1:/gpfs/u/software/ppc64le-rhel7/modulefiles/.spectrum-mpi/10.3:/gpfs/u/software/ppc64le-rhel7/modulefiles/.gcc/7.4.0/1:/gpfs/u/software/ppc64le-rhel7/modulefiles;' export 'MODULEPATH;' 'PATH=/usr/local/cuda-10.1/bin:/opt/ibm/spectrum_mpi/bin:/gpfs/u/software/ppc64le-rhel7/gcc/7.4.0/1/bin:/usr/lpp/mmfs/bin:/opt/cci/bin:/usr/local/bin:/usr/bin:/usr/local/sbin:/usr/sbin:/opt/ibutils/bin:/gpfs/u/home/SCMM/SCMMrsdd/.local/bin:/gpfs/u/home/SCMM/SCMMrsdd/bin;' export 'PATH;' '_LMFILES_=/gpfs/u/software/ppc64le-rhel7/modulefiles/gcc/7.4.0/1.lua:/gpfs/u/software/ppc64le-rhel7/modulefiles/spectrum-mpi/10.3.lua:/gpfs/u/software/ppc64le-rhel7/modulefiles/.spectrum-mpi/10.3/cuda/10.1.lua;' export '_LMFILES_;' '_ModuleTable001_=X01vZHVsZVRhYmxlXz17WyJNVHZlcnNpb24iXT0zLFsiY19yZWJ1aWxkVGltZSJdPWZhbHNlLFsiY19zaG9ydFRpbWUiXT1mYWxzZSxkZXB0aFQ9e30sZmFtaWx5PXtbImNvbXBpbGVyIl09ImdjYyIsWyJtcGkiXT0ic3BlY3RydW0tbXBpIix9LG1UPXtjdWRhPXtbImZuIl09Ii9ncGZzL3Uvc29mdHdhcmUvcHBjNjRsZS1yaGVsNy9tb2R1bGVmaWxlcy8uc3BlY3RydW0tbXBpLzEwLjMvY3VkYS8xMC4xLmx1YSIsWyJmdWxsTmFtZSJdPSJjdWRhLzEwLjEiLFsibG9hZE9yZGVyIl09Myxwcm9wVD17c3RhdGU9e1sic3RhYmxlIl09MSx9LH0sWyJzdGFja0RlcHRoIl09MCxbInN0YXR1cyJdPSJhY3RpdmUiLFsidXNlck5hbWUiXT0iY3VkYSIsfSxnY2M9e1siZm4iXT0iL2dwZnMv;' export '_ModuleTable001_;' '_ModuleTable002_=dS9zb2Z0d2FyZS9wcGM2NGxlLXJoZWw3L21vZHVsZWZpbGVzL2djYy83LjQuMC8xLmx1YSIsWyJmdWxsTmFtZSJdPSJnY2MvNy40LjAvMSIsWyJsb2FkT3JkZXIiXT0xLHByb3BUPXt9LFsic3RhY2tEZXB0aCJdPTAsWyJzdGF0dXMiXT0iYWN0aXZlIixbInVzZXJOYW1lIl09ImdjYy83LjQuMC8xIix9LFsic3BlY3RydW0tbXBpIl09e1siZm4iXT0iL2dwZnMvdS9zb2Z0d2FyZS9wcGM2NGxlLXJoZWw3L21vZHVsZWZpbGVzL3NwZWN0cnVtLW1waS8xMC4zLmx1YSIsWyJmdWxsTmFtZSJdPSJzcGVjdHJ1bS1tcGkvMTAuMyIsWyJsb2FkT3JkZXIiXT0yLHByb3BUPXtzdGF0ZT17WyJ0ZXN0aW5nIl09MSx9LH0sWyJzdGFja0RlcHRoIl09MCxbInN0YXR1cyJdPSJhY3RpdmUiLFsi;' export '_ModuleTable002_;' '_ModuleTable003_=dXNlck5hbWUiXT0ic3BlY3RydW0tbXBpIix9LH0sbXBhdGhBPXsiL2dwZnMvdS9zb2Z0d2FyZS9wcGM2NGxlLXJoZWw3L21vZHVsZWZpbGVzL3BwYzY0bGUtcmhlbDcvbW9kdWxlZmlsZXMvLnNwZWN0cnVtLW1waS8xMC4zLy5jdWRhLzEwLjEiLCIvZ3Bmcy91L3NvZnR3YXJlL3BwYzY0bGUtcmhlbDcvbW9kdWxlZmlsZXMvLnNwZWN0cnVtLW1waS8xMC4zIiwiL2dwZnMvdS9zb2Z0d2FyZS9wcGM2NGxlLXJoZWw3L21vZHVsZWZpbGVzLy5nY2MvNy40LjAvMSIsIi9ncGZzL3Uvc29mdHdhcmUvcHBjNjRsZS1yaGVsNy9tb2R1bGVmaWxlcyIsfSxbInN5c3RlbUJhc2VNUEFUSCJdPSIvZ3Bmcy91L3NvZnR3YXJlL3BwYzY0bGUtcmhlbDcvbW9kdWxlZmlsZXMiLH0=;' export '_ModuleTable003_;' '_ModuleTable_Sz_=3;' export '_ModuleTable_Sz_;'
++ CUDA_PATH=/usr/local/cuda-10.1
++ export CUDA_PATH
++ LD_LIBRARY_PATH=/usr/local/cuda-10.1/lib64:/opt/ibm/spectrum_mpi/profilesupport/lib:/opt/ibm/spectrum_mpi/lib:/gpfs/u/software/ppc64le-rhel7/gcc/7.4.0/1/lib64:/opt/mellanox/sharp/lib:/opt/mellanox/hcoll/lib
++ export LD_LIBRARY_PATH
++ LOADEDMODULES=gcc/7.4.0/1:spectrum-mpi/10.3:cuda/10.1
++ export LOADEDMODULES
++ MODULEPATH=/gpfs/u/software/ppc64le-rhel7/modulefiles/ppc64le-rhel7/modulefiles/.spectrum-mpi/10.3/.cuda/10.1:/gpfs/u/software/ppc64le-rhel7/modulefiles/.spectrum-mpi/10.3:/gpfs/u/software/ppc64le-rhel7/modulefiles/.gcc/7.4.0/1:/gpfs/u/software/ppc64le-rhel7/modulefiles
++ export MODULEPATH
++ PATH=/usr/local/cuda-10.1/bin:/opt/ibm/spectrum_mpi/bin:/gpfs/u/software/ppc64le-rhel7/gcc/7.4.0/1/bin:/usr/lpp/mmfs/bin:/opt/cci/bin:/usr/local/bin:/usr/bin:/usr/local/sbin:/usr/sbin:/opt/ibutils/bin:/gpfs/u/home/SCMM/SCMMrsdd/.local/bin:/gpfs/u/home/SCMM/SCMMrsdd/bin
++ export PATH
++ _LMFILES_=/gpfs/u/software/ppc64le-rhel7/modulefiles/gcc/7.4.0/1.lua:/gpfs/u/software/ppc64le-rhel7/modulefiles/spectrum-mpi/10.3.lua:/gpfs/u/software/ppc64le-rhel7/modulefiles/.spectrum-mpi/10.3/cuda/10.1.lua
++ export _LMFILES_
++ _ModuleTable001_=X01vZHVsZVRhYmxlXz17WyJNVHZlcnNpb24iXT0zLFsiY19yZWJ1aWxkVGltZSJdPWZhbHNlLFsiY19zaG9ydFRpbWUiXT1mYWxzZSxkZXB0aFQ9e30sZmFtaWx5PXtbImNvbXBpbGVyIl09ImdjYyIsWyJtcGkiXT0ic3BlY3RydW0tbXBpIix9LG1UPXtjdWRhPXtbImZuIl09Ii9ncGZzL3Uvc29mdHdhcmUvcHBjNjRsZS1yaGVsNy9tb2R1bGVmaWxlcy8uc3BlY3RydW0tbXBpLzEwLjMvY3VkYS8xMC4xLmx1YSIsWyJmdWxsTmFtZSJdPSJjdWRhLzEwLjEiLFsibG9hZE9yZGVyIl09Myxwcm9wVD17c3RhdGU9e1sic3RhYmxlIl09MSx9LH0sWyJzdGFja0RlcHRoIl09MCxbInN0YXR1cyJdPSJhY3RpdmUiLFsidXNlck5hbWUiXT0iY3VkYSIsfSxnY2M9e1siZm4iXT0iL2dwZnMv
++ export _ModuleTable001_
++ _ModuleTable002_=dS9zb2Z0d2FyZS9wcGM2NGxlLXJoZWw3L21vZHVsZWZpbGVzL2djYy83LjQuMC8xLmx1YSIsWyJmdWxsTmFtZSJdPSJnY2MvNy40LjAvMSIsWyJsb2FkT3JkZXIiXT0xLHByb3BUPXt9LFsic3RhY2tEZXB0aCJdPTAsWyJzdGF0dXMiXT0iYWN0aXZlIixbInVzZXJOYW1lIl09ImdjYy83LjQuMC8xIix9LFsic3BlY3RydW0tbXBpIl09e1siZm4iXT0iL2dwZnMvdS9zb2Z0d2FyZS9wcGM2NGxlLXJoZWw3L21vZHVsZWZpbGVzL3NwZWN0cnVtLW1waS8xMC4zLmx1YSIsWyJmdWxsTmFtZSJdPSJzcGVjdHJ1bS1tcGkvMTAuMyIsWyJsb2FkT3JkZXIiXT0yLHByb3BUPXtzdGF0ZT17WyJ0ZXN0aW5nIl09MSx9LH0sWyJzdGFja0RlcHRoIl09MCxbInN0YXR1cyJdPSJhY3RpdmUiLFsi
++ export _ModuleTable002_
++ _ModuleTable003_=dXNlck5hbWUiXT0ic3BlY3RydW0tbXBpIix9LH0sbXBhdGhBPXsiL2dwZnMvdS9zb2Z0d2FyZS9wcGM2NGxlLXJoZWw3L21vZHVsZWZpbGVzL3BwYzY0bGUtcmhlbDcvbW9kdWxlZmlsZXMvLnNwZWN0cnVtLW1waS8xMC4zLy5jdWRhLzEwLjEiLCIvZ3Bmcy91L3NvZnR3YXJlL3BwYzY0bGUtcmhlbDcvbW9kdWxlZmlsZXMvLnNwZWN0cnVtLW1waS8xMC4zIiwiL2dwZnMvdS9zb2Z0d2FyZS9wcGM2NGxlLXJoZWw3L21vZHVsZWZpbGVzLy5nY2MvNy40LjAvMSIsIi9ncGZzL3Uvc29mdHdhcmUvcHBjNjRsZS1yaGVsNy9tb2R1bGVmaWxlcyIsfSxbInN5c3RlbUJhc2VNUEFUSCJdPSIvZ3Bmcy91L3NvZnR3YXJlL3BwYzY0bGUtcmhlbDcvbW9kdWxlZmlsZXMiLH0=
++ export _ModuleTable003_
++ _ModuleTable_Sz_=3
++ export _ModuleTable_Sz_
++ : -s sh
+ eval
+ mpirun -hostfile /tmp/hosts.152213 -np 12 /gpfs/u/home/SCMM/SCMMrsdd/barn/project/ga-cuda-mpi-exe 5_cities.txt 0
Hello world from rank 2 out of 12 processors
Hello world from rank 3 out of 12 processors
Hello world from rank 9 out of 12 processors
Hello world from rank 0 out of 12 processors
Hello world from rank 1 out of 12 processors
Hello world from rank 4 out of 12 processors
Hello world from rank 11 out of 12 processors
Hello world from rank 5 out of 12 processors
Hello world from rank 7 out of 12 processors
Hello world from rank 8 out of 12 processors
Hello world from rank 10 out of 12 processors
Hello world from rank 6 out of 12 processors
1.0
0.0
2.0
0.0
3.0
0.0
4.0
0.0
5.0
0.0
Here 1.000000
Here 0.000000
Here 2.000000
Here 0.000000
Here 3.000000
Here 0.000000
Here 4.000000
Here 0.000000
Here 5.000000
Here 0.000000
Matrix 1.000000 0.000000
Matrix 2.000000 0.000000
Matrix 3.000000 0.000000
Matrix 4.000000 0.000000
Matrix 5.000000 0.000000
Complete distance_cities
1.0
0.0
2.0
0.0
3.0
0.0
4.0
0.0
5.0
0.0
Here 1.000000
Here 0.000000
Here 2.000000
Here 0.000000
Here 3.000000
Here 0.000000
Here 4.000000
Here 0.000000
Here 5.000000
Here 0.000000
Matrix 1.000000 0.000000
Matrix 2.000000 0.000000
Matrix 3.000000 0.000000
Matrix 4.000000 0.000000
Matrix 5.000000 0.000000
Complete distance_cities
1.0
0.0
2.0
0.0
3.0
0.0
4.0
0.0
5.0
0.0
Here 1.000000
Here 0.000000
Here 2.000000
Here 0.000000
Here 3.000000
Here 0.000000
Here 4.000000
Here 0.000000
Here 5.000000
Here 0.000000
Matrix 1.000000 0.000000
Matrix 2.000000 0.000000
Matrix 3.000000 0.000000
Matrix 4.000000 0.000000
Matrix 5.000000 0.000000
Complete distance_cities
1.0
0.0
2.0
0.0
3.0
1.0
0.0
2.0
0.0
3.0
0.0
4.0
0.0
5.0
0.0
Here 1.000000
Here 0.000000
Here 2.000000
Here 0.000000
Here 3.000000
Here 0.000000
Here 4.000000
Here 0.000000
0.0
4.0
0.0
5.0
0.0
Here 1.000000
Here 0.000000
Here 2.000000
Here 0.000000
Here 3.000000
Here 0.000000
Here 4.000000
Here 0.000000
Here 5.000000
Here 0.000000
Matrix 1.000000 0.000000
Matrix 2.000000 0.000000
Matrix 3.000000 0.000000
Matrix 4.000000 0.000000
Matrix 5.000000 0.000000
Here 5.000000
Here 0.000000
Matrix 1.000000 0.000000
Matrix 2.000000 0.000000
Matrix 3.000000 0.000000
Matrix 4.000000 0.000000
Matrix 5.000000 0.000000
Complete distance_cities
Complete distance_cities
1.0
0.0
2.0
0.0
3.0
0.0
4.0
0.0
5.0
0.0
Here 1.000000
Here 0.000000
Here 2.000000
Here 0.000000
Here 3.000000
Here 0.000000
Here 4.000000
Here 0.000000
Here 5.000000
Here 0.000000
Matrix 1.000000 0.000000
Matrix 2.000000 0.000000
Matrix 3.000000 0.000000
Matrix 4.000000 0.000000
Matrix 5.000000 0.000000
Complete distance_cities
1.0
0.0
2.0
0.0
3.0
0.0
4.0
0.0
5.0
0.0
Here 1.000000
Here 0.000000
Here 2.000000
Here 0.000000
Here 3.000000
Here 0.000000
Here 4.000000
Here 0.000000
Here 5.000000
Here 0.000000
Matrix 1.000000 0.000000
Matrix 2.000000 0.000000
Matrix 3.000000 0.000000
Matrix 4.000000 0.000000
Matrix 5.000000 0.000000
Complete distance_cities
1.0
0.0
2.0
0.0
3.0
0.0
4.0
0.0
5.0
0.0
Here 1.000000
Here 0.000000
Here 2.000000
Here 0.000000
Here 3.000000
Here 0.000000
Here 4.000000
Here 0.000000
Here 5.000000
Here 0.000000
Matrix 1.000000 0.000000
Matrix 2.000000 0.000000
Matrix 3.000000 0.000000
Matrix 4.000000 0.000000
Matrix 5.000000 0.000000
Complete distance_cities
1.0
0.0
2.0
0.0
3.0
0.0
4.0
0.0
5.0
0.0
Here 1.000000
Here 0.000000
Here 2.000000
Here 0.000000
Here 3.000000
Here 0.000000
Here 4.000000
Here 0.000000
Here 5.000000
Here 0.000000
Matrix 1.000000 0.000000
Matrix 2.000000 0.000000
Matrix 3.000000 0.000000
Matrix 4.000000 0.000000
Matrix 5.000000 0.000000
Complete distance_cities
1.0
0.0
2.0
0.0
3.0
0.0
4.0
0.0
5.0
0.0
Here 1.000000
Here 0.000000
Here 2.000000
Here 0.000000
Here 3.000000
Here 0.000000
Here 4.000000
Here 0.000000
Here 5.000000
Here 0.000000
Matrix 1.000000 0.000000
Matrix 2.000000 0.000000
Matrix 3.000000 0.000000
Matrix 4.000000 0.000000
Matrix 5.000000 0.000000
Complete distance_cities
1.0
0.0
2.0
0.0
3.0
0.0
4.0
0.0
5.0
0.0
Here 1.000000
Here 0.000000
Here 2.000000
Here 0.000000
Here 3.000000
Here 0.000000
Here 4.000000
Here 0.000000
Here 5.000000
Here 0.000000
Matrix 1.000000 0.000000
Matrix 2.000000 0.000000
Matrix 3.000000 0.000000
Matrix 4.000000 0.000000
Matrix 5.000000 0.000000
1.0
0.0
2.0
0.0
3.0
0.0
4.0
0.0
Complete distance_cities
5.0
0.0
Here 1.000000
Here 0.000000
Here 2.000000
Here 0.000000
Here 3.000000
Here 0.000000
Here 4.000000
Here 0.000000
Here 5.000000
Here 0.000000
Matrix 1.000000 0.000000
Matrix 2.000000 0.000000
Matrix 3.000000 0.000000
Matrix 4.000000 0.000000
Matrix 5.000000 0.000000
Complete distance_cities
Allocate Map on GPU
copied mat into map
completed file read function
time() 1588573268
Individual 4:  4 2 3 0 1
Individual 5:  3 1 2 0 4
Allocate Map on GPU
copied mat into map
completed file read function
time() 1588573268
Individual 6:  2 4 3 0 1
Individual 7:  0 1 2 3 4
Allocate Map on GPU
copied mat into map
completed file read function
time() 1588573268
Individual 18:  1 0 2 3 4
Individual 19:  1 4 0 2 3
Allocate Map on GPU
copied mat into map
completed file read function
time() 1588573268
Individual 14:  2 3 1 4 0
Individual 15:  2 4 3 0 1
Allocate Map on GPU
copied mat into map
completed file read function
time() 1588573268
Individual 0:  3 1 2 0 4
Individual 1:  0 1 2 4 3
Allocate Map on GPU
copied mat into map
completed file read function
time() 1588573268
Individual 20:  2 3 4 1 0
Individual 21:  2 3 4 1 0
Allocate Map on GPU
copied mat into map
completed file read function
time() 1588573268
Individual 22:  1 4 2 0 3
Individual 23:  0 1 2 3 4
Allocate Map on GPU
copied mat into map
completed file read function
time() 1588573268
Individual 8:  4 3 0 1 2
Individual 9:  3 1 2 0 4
Allocate Map on GPU
copied mat into map
completed file read function
time() 1588573268
Allocate Map on GPU
copied mat into map
completed file read function
Individual 10:  1 0 2 3 4
Individual 11:  2 4 0 1 3
time() 1588573268
Individual 2:  2 3 4 1 0
Individual 3:  1 2 0 3 4
Allocate Map on GPU
copied mat into map
completed file read function
time() 1588573268
Individual 12:  2 4 3 0 1
Individual 13:  3 2 4 0 1
Allocate Map on GPU
copied mat into map
completed file read function
time() 1588573268
Individual 16:  1 2 3 0 4
Individual 17:  0 3 4 1 2
Individual 0:  3 1 2 0 4
Individual 1:  0 1 2 4 3
Individual 2:  2 3 4 1 0
Individual 3:  1 2 0 3 4
Individual 4:  4 2 3 0 1
Individual 5:  3 1 2 0 4
Individual 6:  2 4 3 0 1
Individual 7:  0 1 2 3 4
Individual 8:  4 3 0 1 2
Individual 9:  3 1 2 0 4
Individual 10:  1 0 2 3 4
Individual 11:  2 4 0 1 3
Individual 12:  2 4 3 0 1
Individual 13:  3 2 4 0 1
Individual 14:  2 3 1 4 0
Allocating fitness array on GPU
Allocating fitness array on GPU
Allocated fitness array on GPU
Launching fitness kernel
Allocated fitness array on GPU
Launching fitness kernel
Individual 15:  2 4 3 0 1
Individual 16:  1 2 3 0 4
Individual 17:  0 3 4 1 2
Individual 18:  1 0 2 3 4
Individual 19:  1 4 0 2 3
Individual 20:  2 3 4 1 0
Individual 21:  2 3 4 1 0
Individual 22:  1 4 2 0 3
Individual 23:  0 1 2 3 4
Allocating fitness array on GPU
Allocated fitness array on GPU
Launching fitness kernel
Allocating fitness array on GPU
Allocated fitness array on GPU
Launching fitness kernel
Allocating fitness array on GPU
Allocated fitness array on GPU
Launching fitness kernel
Allocating fitness array on GPU
Allocated fitness array on GPU
Launching fitness kernel
Allocating fitness array on GPU
Allocated fitness array on GPU
Launching fitness kernel
Launched fitnedd kernel
Allocating fitness array on GPU
Allocated fitness array on GPU
Launching fitness kernel
Allocating fitness array on GPU
Allocated fitness array on GPU
Launching fitness kernel
Allocating fitness array on GPU
Allocated fitness array on GPU
Launching fitness kernel
Launched fitnedd kernel
0.000000 1.000000 2.000000 3.000000 4.000000 
0.000000 1.000000 2.000000 3.000000 4.000000 
1.000000 0.000000 1.000000 2.000000 3.000000 
2.000000 1.000000 0.000000 1.000000 2.000000 
3.000000 2.000000 1.000000 0.000000 1.000000 
4.000000 3.000000 2.000000 1.000000 0.000000 
Printing fitness array
Fitness of Individual 8 : 8.000000
Fitness of Individual 9 : 10.000000
Calculating the cumulative fitness 
Printing the local Cumulative sum
Cumulative sum at Individual 8 : 8.000000
Cumulative sum at Individual 9 : 18.000000
Synchronizing the cumulative sums
Launched fitnedd kernel
0.000000 1.000000 2.000000 3.000000 4.000000 
Launched fitnedd kernel
0.000000 1.000000 2.000000 3.000000 4.000000 
1.000000 0.000000 1.000000 2.000000 3.000000 
Launched fitnedd kernel
0.000000 1.000000 2.000000 3.000000 4.000000 
1.000000 0.000000 1.000000 2.000000 3.000000 
2.000000 1.000000 0.000000 1.000000 2.000000 
3.000000 2.000000 1.000000 0.000000 1.000000 
4.000000 3.000000 2.000000 1.000000 0.000000 
Printing fitness array
Fitness of Individual 0 : 10.000000
Fitness of Individual 1 : 8.000000
Launched fitnedd kernel
0.000000 1.000000 2.000000 3.000000 4.000000 
1.000000 0.000000 1.000000 2.000000 3.000000 
2.000000 1.000000 0.000000 1.000000 2.000000 
3.000000 2.000000 1.000000 0.000000 1.000000 
4.000000 3.000000 2.000000 1.000000 0.000000 
Printing fitness array
Fitness of Individual 6 : 8.000000
Fitness of Individual 7 : 8.000000
Calculating the cumulative fitness 
Printing the local Cumulative sum
Allocating fitness array on GPU
Allocated fitness array on GPU
Launching fitness kernel
Allocating fitness array on GPU
Allocated fitness array on GPU
Launching fitness kernel
1.000000 0.000000 1.000000 2.000000 3.000000 
2.000000 1.000000 0.000000 1.000000 2.000000 
3.000000 2.000000 1.000000 0.000000 1.000000 
4.000000 3.000000 2.000000 1.000000 0.000000 
Printing fitness array
Fitness of Individual 4 : 10.000000
Fitness of Individual 5 : 10.000000
Calculating the cumulative fitness 
Printing the local Cumulative sum
Cumulative sum at Individual 4 : 10.000000
Cumulative sum at Individual 5 : 20.000000
Synchronizing the cumulative sums
2.000000 1.000000 0.000000 1.000000 2.000000 
3.000000 2.000000 1.000000 0.000000 1.000000 
4.000000 3.000000 2.000000 1.000000 0.000000 
Printing fitness array
Fitness of Individual 10 : 8.000000
Fitness of Individual 11 : 10.000000
Calculating the cumulative fitness 
Printing the local Cumulative sum
Cumulative sum at Individual 10 : 8.000000
Calculating the cumulative fitness 
Printing the local Cumulative sum
Cumulative sum at Individual 0 : 10.000000
Cumulative sum at Individual 1 : 18.000000
Synchronizing the cumulative sums
1.000000 0.000000 1.000000 2.000000 3.000000 
2.000000 1.000000 0.000000 1.000000 2.000000 
3.000000 2.000000 1.000000 0.000000 1.000000 
4.000000 3.000000 2.000000 1.000000 0.000000 
Printing fitness array
Fitness of Individual 2 : 8.000000
Fitness of Individual 3 : 10.000000
Calculating the cumulative fitness 
Printing the local Cumulative sum
Cumulative sum at Individual 2 : 8.000000
Cumulative sum at Individual 6 : 8.000000
Cumulative sum at Individual 7 : 16.000000
Synchronizing the cumulative sums
Launched fitnedd kernel
Cumulative sum at Individual 11 : 18.000000
Synchronizing the cumulative sums
The total runtime for GA is 1.43354
Cumulative sum at Individual 3 : 18.000000
Synchronizing the cumulative sums
Launched fitnedd kernel
Launched fitnedd kernel
0.000000 1.000000 2.000000 3.000000 4.000000 
1.000000 0.000000 1.000000 2.000000 3.000000 
2.000000 1.000000 0.000000 1.000000 2.000000 
3.000000 2.000000 1.000000 0.000000 1.000000 
4.000000 3.000000 2.000000 1.000000 0.000000 
Printing fitness array
Launched fitnedd kernel
0.000000 1.000000 2.000000 3.000000 4.000000 
1.000000 0.000000 1.000000 2.000000 3.000000 
2.000000 1.000000 0.000000 1.000000 2.000000 
3.000000 2.000000 1.000000 0.000000 1.000000 
4.000000 3.000000 2.000000 1.000000 0.000000 
Printing fitness array
Fitness of Individual 16 : 12.000000
Fitness of Individual 17 : 10.000000
Calculating the cumulative fitness 
Launched fitnedd kernel
0.000000 1.000000 2.000000 3.000000 4.000000 
1.000000 0.000000 1.000000 2.000000 3.000000 
2.000000 1.000000 0.000000 1.000000 2.000000 
0.000000 1.000000 2.000000 3.000000 4.000000 
1.000000 0.000000 1.000000 2.000000 3.000000 
2.000000 1.000000 0.000000 1.000000 2.000000 
3.000000 2.000000 1.000000 0.000000 1.000000 
4.000000 3.000000 2.000000 1.000000 0.000000 
Printing fitness array
Fitness of Individual 12 : 8.000000
Fitness of Individual 13 : 10.000000
Calculating the cumulative fitness 
Printing the local Cumulative sum
Cumulative sum at Individual 12 : 8.000000
Cumulative sum at Individual 13 : 18.000000
Synchronizing the cumulative sums
0.000000 1.000000 2.000000 3.000000 4.000000 
1.000000 0.000000 1.000000 2.000000 3.000000 
2.000000 1.000000 0.000000 1.000000 2.000000 
3.000000 2.000000 1.000000 0.000000 1.000000 
4.000000 3.000000 2.000000 1.000000 0.000000 
Printing fitness array
Fitness of Individual 18 : 8.000000
Fitness of Individual 19 : 12.000000
Calculating the cumulative fitness 
Printing the local Cumulative sum
Cumulative sum at Individual 18 : 8.000000
Cumulative sum at Individual 19 : 20.000000
Synchronizing the cumulative sums
Launched fitnedd kernel
0.000000 1.000000 2.000000 3.000000 4.000000 
1.000000 0.000000 1.000000 2.000000 3.000000 
2.000000 1.000000 0.000000 1.000000 2.000000 
3.000000 2.000000 1.000000 0.000000 1.000000 
4.000000 3.000000 2.000000 1.000000 0.000000 
Printing fitness array
Fitness of Individual 14 : 12.000000
Fitness of Individual 15 : 8.000000
Calculating the cumulative fitness 
Printing the local Cumulative sum
Cumulative sum at Individual 14 : 12.000000
Cumulative sum at Individual 15 : 20.000000
Synchronizing the cumulative sums
Printing the local Cumulative sum
Cumulative sum at Individual 16 : 12.000000
Cumulative sum at Individual 17 : 22.000000
Synchronizing the cumulative sums
3.000000 2.000000 1.000000 0.000000 1.000000 
4.000000 3.000000 2.000000 1.000000 0.000000 
Printing fitness array
Fitness of Individual 20 : 8.000000
Fitness of Individual 21 : 8.000000
Calculating the cumulative fitness 
Printing the local Cumulative sum
Cumulative sum at Individual 20 : 8.000000
Cumulative sum at Individual 21 : 16.000000
Synchronizing the cumulative sums
Fitness of Individual 22 : 12.000000
Fitness of Individual 23 : 8.000000
Calculating the cumulative fitness 
Printing the local Cumulative sum
Cumulative sum at Individual 22 : 12.000000
Cumulative sum at Individual 23 : 20.000000
Synchronizing the cumulative sums
+ rm /tmp/hosts.152213
